<?xml version="1.0" encoding="UTF-8"?>
<testng-results skipped="0" failed="0" total="1" passed="1">
  <reporter-output>
  </reporter-output>
  <suite name="Suite" duration-ms="163848" started-at="2020-05-11T11:30:59Z" finished-at="2020-05-11T11:33:43Z">
    <groups>
      <group name="cucumber">
        <method signature="AbstractTestNGCucumberTests.feature(cucumber.api.testng.CucumberFeatureWrapper)[pri:0, instance:runner.RunCukeTestng@6d78f375]" name="feature" class="cucumber.api.testng.AbstractTestNGCucumberTests"/>
      </group> <!-- cucumber -->
    </groups>
    <test name="Test" duration-ms="163848" started-at="2020-05-11T11:30:59Z" finished-at="2020-05-11T11:33:43Z">
      <class name="runner.RunCukeTestng">
        <test-method status="PASS" signature="setUpClass()[pri:0, instance:runner.RunCukeTestng@6d78f375]" name="setUpClass" is-config="true" duration-ms="272" started-at="2020-05-11T12:30:59Z" finished-at="2020-05-11T12:30:59Z">
          <reporter-output>
          </reporter-output>
        </test-method> <!-- setUpClass -->
        <test-method status="PASS" signature="setup()[pri:0, instance:runner.RunCukeTestng@6d78f375]" name="setup" is-config="true" duration-ms="11730" started-at="2020-05-11T12:30:59Z" finished-at="2020-05-11T12:31:11Z">
          <reporter-output>
          </reporter-output>
        </test-method> <!-- setup -->
        <test-method status="PASS" signature="feature(cucumber.api.testng.CucumberFeatureWrapper)[pri:0, instance:runner.RunCukeTestng@6d78f375]" name="feature" duration-ms="150786" started-at="2020-05-11T12:31:11Z" description="Runs Cucumber Feature" data-provider="features" finished-at="2020-05-11T12:33:42Z">
          <params>
            <param index="0">
              <value>
                <![CDATA[Verify Patient can enroll for  monthly membership while Registration]]>
              </value>
            </param>
          </params>
          <reporter-output>
          </reporter-output>
        </test-method> <!-- feature -->
        <test-method status="PASS" signature="afterClass()[pri:0, instance:runner.RunCukeTestng@6d78f375]" name="afterClass" is-config="true" duration-ms="678" started-at="2020-05-11T12:33:42Z" finished-at="2020-05-11T12:33:43Z">
          <reporter-output>
          </reporter-output>
        </test-method> <!-- afterClass -->
        <test-method status="PASS" signature="tearDownClass()[pri:0, instance:runner.RunCukeTestng@6d78f375]" name="tearDownClass" is-config="true" duration-ms="283" started-at="2020-05-11T12:33:43Z" finished-at="2020-05-11T12:33:43Z">
          <reporter-output>
          </reporter-output>
        </test-method> <!-- tearDownClass -->
      </class> <!-- runner.RunCukeTestng -->
    </test> <!-- Test -->
  </suite> <!-- Suite -->
</testng-results>
